Arguments: 
  C:\Program Files\nodejs\node.exe C:\Program Files (x86)\Yarn\bin\yarn.js add --dev webpack-dev-server

PATH: 
  C:/Ruby25-x64/lib/ruby/gems/2.5.0/bin;C:\Ruby25-x64\bin;C:\Windows\system32;C:\Windows;C:\Windows\System32\Wbem;C:\Windows\System32\WindowsPowerShell\v1.0\;C:\Windows\System32\OpenSSH\;C:\Program Files\nodejs\;C:\Program Files\Git\cmd;C:\Program Files\Java\jdk1.7.0_80\bin;C:\Program Files\Intel\WiFi\bin\;C:\Program Files\Common Files\Intel\WirelessCommon\;C:\Program Files (x86)\Yarn\bin\;C:\Users\nbdes\AppData\Local\Microsoft\WindowsApps;C:\Users\nbdes\AppData\Roaming\npm;C:\Program Files (x86)\Nmap;C:\Program Files\JetBrains\RubyMine 2019.2.1\bin;;C:\Users\nbdes\AppData\Local\Yarn\bin

Yarn version: 
  1.17.3

Node version: 
  10.15.1

Platform: 
  win32 x64

Trace: 
  Error: getaddrinfo ENOTFOUND registry.yarnpkg.com registry.yarnpkg.com:443
      at GetAddrInfoReqWrap.onlookup [as oncomplete] (dns.js:57:26)

npm manifest: 
  {
    "name": "PhotoSite",
    "private": true,
    "dependencies": {
      "@rails/ujs": "^6.0.0-alpha",
      "turbolinks": "^5.2.0",
      "@rails/activestorage": "^6.0.0-alpha",
      "@rails/actioncable": "^6.0.0-alpha"
    },
    "version": "0.1.0"
  }

yarn manifest: 
  No manifest

Lockfile: 
  No lockfile
